epoch,acc,loss,val_acc,val_loss
0,0.40805887764653925,1.6527030480884035,0.3709155136929353,1.6834576112016144
1,0.503698252074304,1.3891602695898497,0.47306446864880775,1.41780789480302
2,0.5386936522550065,1.2871094397349212,0.5388578157022065,1.280281327772323
3,0.5667709291694136,1.2180540405947238,0.570061819287374,1.1870103259278917
4,0.5760441582347673,1.172457508953098,0.5784515749190462,1.175333765453544
5,0.5940018399329831,1.1371527242134116,0.5961142184104785,1.1256955978552454
6,0.6018767249320994,1.105871809434759,0.5581395348661746,1.225112079714269
7,0.6101931922734057,1.0884645680319638,0.583750367989286,1.1615722877578523
8,0.616816927322907,1.0599528721690508,0.615690314966263,1.0830386432613175
9,0.6180680772780056,1.0545935452609514,0.5905210479659686,1.134400950202459
10,0.6242870285210526,1.0342634841621525,0.5741831027464829,1.1740187901695371
11,0.6322355105839635,1.019172725023868,0.6086252575451253,1.074072998342775
12,0.6360625574998935,1.0108049858197665,0.6136296732586414,1.0695026621490076
13,0.6385648574068005,0.9991361996528745,0.6287901089020888,1.0087962771184942
14,0.6418031278759817,0.9867363357851017,0.6173093906212527,1.0798654024973666
15,0.6473965041420278,0.979098690988388,0.6061230497146867,1.0950767259089638
16,0.6482060717604198,0.9679898630552809,0.637179864603946,0.994591734884485
17,0.6536890524411926,0.9626739836835817,0.645275242843802,0.9942812607819661
18,0.6528794848249939,0.9573181564476694,0.647188695890608,0.9990108863620292
19,0.6601287948493028,0.9451926291526296,0.6114218427673802,1.0713276829584788
20,0.6602023919109039,0.9401281494861803,0.6386517515630276,1.0111792996626656
21,0.6655381784739578,0.9283427019040301,0.6186340888668798,1.084763987681288
22,0.6627046918189076,0.92607025731235,0.6393876950425683,1.0036793864752427
23,0.6680772769100203,0.9158978481038295,0.6311451280717117,1.0292656397623001
24,0.6661269549261899,0.916429903823077,0.6504268471830411,0.9800668818514804
25,0.6701011959565486,0.904928726386673,0.6405652045747411,0.9967682170699476
26,0.675105795772556,0.901327846234505,0.6517515454988533,0.970006399183439
27,0.6780496780194596,0.8957407055453851,0.6358551662881339,1.0056114918104087
28,0.6809567617339175,0.8873342892283569,0.6355607888963175,1.0010816774404783
29,0.6789328426895825,0.8872926619563941,0.61304091842237,1.085394891800865
30,0.6841582336772333,0.8808200190280048,0.6645569620428627,0.9428118055871139
31,0.6869549218042246,0.8744994618241241,0.6448336767911701,0.9803168589064469
32,0.6821711131598605,0.87342836903122,0.6474830733175169,0.9767705496353439
33,0.6887948482071684,0.8640140148380423,0.6582278480837196,0.9505531739444637
34,0.6873597056139689,0.8675360033746805,0.6454224315221638,0.9744357977820243
35,0.6918859245674042,0.8626388705116735,0.6535178097971124,0.9668680266453864
36,0.6940570377250713,0.8531339876697824,0.6574919046568176,0.9500099089098636
37,0.6948666053390766,0.8532063535779797,0.6424786576566396,1.0113609096285945
38,0.6937626494962136,0.8470613418748429,0.6355607889489563,1.0309966961917085
39,0.6992088316478308,0.8425714445333472,0.6433617898320885,0.9959989624547018
40,0.6983992640316322,0.8368089576631702,0.6582278480661733,0.9768813583722422
41,0.7189696412209315,0.7879063211588434,0.6779511333178659,0.8951273486829695
42,0.7244526219017042,0.7697652968794464,0.6800117750605801,0.9009404238055726
43,0.7291996320191061,0.7597817808943488,0.6811892846278453,0.8910338477699554
44,0.7336522539164237,0.7542089589890144,0.6779511333178659,0.904027767652689
45,0.7312971481184621,0.7517543417264698,0.679864586364672,0.8935657857901074
46,0.7365225391006295,0.7518593742612752,0.6828083602828351,0.8896517892742914
47,0.7364489420488984,0.7406653858963897,0.681778039411478,0.896027442968204
48,0.7357865685394519,0.745001709943752,0.6786870767974067,0.9072882876102806
49,0.7372953081920592,0.7443700773362841,0.6811892846278453,0.8969565218674775
50,0.7402391904345761,0.7349780344568269,0.6833971150664677,0.8923656457587134
51,0.7390248390086331,0.7365492299574717,0.6782455107096823,0.8989636192681125
52,0.737957681693829,0.7319090311968118,0.680747718540121,0.8988571525199083
53,0.7388408463661453,0.727076903265775,0.680747718540121,0.9002154656796375
54,0.7397976080967729,0.7287566264923714,0.6820724168032943,0.8954742168165987
55,0.7407911683565559,0.7276212203535556,0.679864586364672,0.891348457297824
56,0.7406439742476104,0.7241879578303502,0.6811892846278453,0.9036507612647539
57,0.744986200558558,0.7145508814428306,0.6803061524523965,0.8951949652307413
58,0.7478196872147048,0.7110319791107739,0.6804533411483046,0.8949785730506801
59,0.7459429622826054,0.7137318151898634,0.6813364733237535,0.8961653783807763
60,0.7475988960463515,0.7145399916687468,0.6811892846278453,0.8947080920154571
61,0.7462373505103664,0.7123034850653971,0.679864586364672,0.8961259502153169
62,0.7482980680794703,0.7121346393548357,0.6813364733237535,0.8959051968246339
63,0.7467525299009974,0.7134402941933661,0.6797173976687638,0.895224444000097
64,0.743367065321774,0.7196906374503191,0.6813364733237535,0.8965799013130238
65,0.7474149034104439,0.711282567499752,0.6797173976687638,0.8977926278381022
66,0.7481140754413692,0.7109833475966572,0.6803061524523965,0.8967414649226998
67,0.7484084636614535,0.7121253295721214,0.680747718540121,0.8960709112301833
68,0.7470837166557207,0.7144604765436686,0.6786870767974067,0.8956819492331104
69,0.7465317387348375,0.7102942226299367,0.6794230202769476,0.8955382267657469
70,0.7464949402067786,0.7100103995069629,0.6789814541892231,0.8964828226823893
71,0.7478196872136081,0.7107862155373862,0.679864586364672,0.8978747307008458
72,0.7470101195974096,0.7130109815720362,0.6785398881014986,0.8990467291107099
73,0.7446918123318936,0.7175398302122115,0.6789814541892231,0.8965577782691841
74,0.7439190432426572,0.7173733289722137,0.6769208124465089,0.8975409352502157
75,0.7485924563061347,0.7137610752821627,0.6792758315810393,0.8970537841021752
76,0.7495860165637244,0.7091544120467466,0.6816308507155698,0.8959074828215546
77,0.7470837166535274,0.7076802554455172,0.6789814541892231,0.8973435389318289
78,0.7488132474722946,0.7122904209703509,0.6775095672301416,0.8956966487175934
79,0.7460533578678787,0.7143235802474983,0.6795702089728557,0.8964357538050611
80,0.7472677092982084,0.708859367554848,0.6786870767974067,0.896012652594095
81,0.7464581416787197,0.7136574586663864,0.6800117750605801,0.8966437778755044
82,0.7463109475686776,0.7130515257502874,0.6780983220137742,0.8983941638087187
83,0.7484452621938992,0.7113501756873389,0.6786870767974067,0.8968665156429011
84,0.7460901563959376,0.7118040407559361,0.6788342654933149,0.8964526743653033
85,0.7416743330277756,0.7162239872564826,0.6803061524523965,0.8964618052985691
86,0.7466421343190142,0.7146546157742161,0.679864586364672,0.8962655599446447
