epoch,acc,loss,val_acc,val_loss
0,0.33383624655123467,1.7978992071607953,0.32837798057328543,1.7625173849325373
1,0.4286660533644458,1.5371039891747456,0.45863997646735494,1.4574345313418358
2,0.4733026678949293,1.4069083037372017,0.4952899617397122,1.3942655793771976
3,0.505869365227036,1.3256182164584374,0.5151604356785399,1.3110833029414333
4,0.5224655013865249,1.2726931672811288,0.5116279069942904,1.3028459980237264
5,0.5428150873997942,1.2244931303522624,0.497350603456107,1.3231791132577981
6,0.5507635694605117,1.1989820918010372,0.5201648513745096,1.29956400941883
7,0.5652253909854573,1.1724629798764576,0.5657933471060375,1.1486092315269
8,0.5728794848238972,1.1494245279482338,0.5640270827025008,1.1743632583257413
9,0.5781416743396067,1.130093704335933,0.4986753017192804,1.388757118029141
10,0.5839558417685227,1.1195422581213816,0.5680011775271135,1.1883830388118002
11,0.5882244710228042,1.1059946163663539,0.5928760671004991,1.0974056204873603
12,0.595731370749557,1.0927180841633675,0.5930232557964072,1.1284953136811862
13,0.5960625575020868,1.0847716122958895,0.5724168384219044,1.1516724537146734
14,0.6016191352356873,1.0735792840722513,0.5925816897437752,1.0832883618072373
15,0.6085372585140464,1.063652624182451,0.5924345010654134,1.0915925634198587
16,0.6094940202402871,1.0535539126549716,0.6000883131999987,1.0796587024326005
17,0.6142778288934246,1.0440630446844619,0.5925816897437752,1.0966319840797298
18,0.6133578656897594,1.0361091212340199,0.5981748602058314,1.0869254041216392
19,0.617847286110749,1.03357418838508,0.6196644097908757,1.0273740361605035
20,0.6237350506045561,1.019573070796784,0.5984692375801015,1.0998351536219633
21,0.6250229990866168,1.0189732242924638,0.6089196350071266,1.0821402357331367
22,0.6248390064441292,1.01363396159859,0.6039152192936107,1.0907271079431746
23,0.6302483900665908,1.007091148535703,0.6204003532704164,1.0467095133449036
24,0.628187672497487,1.0026634833674533,0.5912569914455094,1.1351393551766118
25,0.6327506899745945,0.998050335420856,0.6192228437031512,1.0254187098593792
26,0.6330082796732,0.9907383925561632,0.617603768013069,1.051068429635278
27,0.6347746090200261,0.9875827638490987,0.611863408872651,1.0593965512217582
28,0.6351057957747493,0.981987735275402,0.6249632028611155,1.0561363289627848
29,0.6371665133460465,0.9830786931898579,0.6314395054810743,1.0119823692720147
30,0.6376816927388708,0.9814755051357547,0.6239328819897584,1.0270720146002053
31,0.6382704691878128,0.9772159112563568,0.6139240505978188,1.071255601799976
32,0.6408095676238754,0.9719790833130163,0.6099499558433912,1.0560380992448641
33,0.6436798528102745,0.9661191222726915,0.6259935237324725,1.0383672915839923
34,0.6429070837188448,0.9623771068604583,0.6114218428024728,1.0721595468224938
35,0.6469917203333801,0.9613871647243447,0.6112746541241109,1.0533626336085646
36,0.6412511499583886,0.9602841271582062,0.6343832793816911,1.0062859759002283
37,0.6487948482093618,0.9522183724555162,0.6245216367207522,1.0175725683977859
38,0.652548298072464,0.9443238991208327,0.6176037680657077,1.0520135941033788
39,0.6483900644040042,0.9491679918733121,0.6289372976155432,1.0141529999377275
40,0.6488316467352273,0.95170681499404,0.6212834854107728,1.0319982185972976
41,0.6515179392835254,0.9438511700946032,0.6218722402207248,1.0385753178126256
42,0.6546826126976856,0.9406208845399999,0.6305563732529865,1.0131128140502303
43,0.6571113155517648,0.9368048744192887,0.6139240506153651,1.0383214243798176
44,0.6508555657773689,0.9366351149130437,0.617603768013069,1.0569373194105245
45,0.6564857405736673,0.9304647979499445,0.6100971445217531,1.067218527237317
46,0.6527322907127584,0.9352788909773488,0.6355607889665026,1.0042529061046248
47,0.656154553822234,0.9307959102092802,0.6321754489606151,1.0194638207059135
48,0.6560073597056117,0.9277207811030096,0.6125993523521918,1.0561167001373317
49,0.6597608095698106,0.9236397886177544,0.6301148072179009,1.0426843936105739
50,0.6604967801353749,0.9253357616870252,0.6320282602120681,1.0193188893187912
51,0.6604967801331816,0.9219408801551685,0.6165734471768044,1.0479266150825193
52,0.6628150873976009,0.9151702013296498,0.6217250514984973,1.0738389232876653
53,0.6609383624720815,0.9227356674304882,0.6360023550542271,1.0210898455571245
54,0.661600735974948,0.9151585528339502,0.6309979393582573,1.0295856087075144
55,0.6642502299929938,0.9097581639285469,0.6488077715455977,0.9684110111898276
56,0.6656485740603277,0.9105611924063535,0.6377686193349399,0.9968598288650333
57,0.6644710211657338,0.9108434736037759,0.6364439211244053,0.9957679914908792
58,0.6670101195996029,0.9043666899939031,0.6454224315397101,0.9679931255519688
59,0.668371665135588,0.9046050591828523,0.634824845434323,0.9908374534623217
60,0.6664949402056819,0.9040189954964744,0.6307035620015335,1.0217944803678678
61,0.6665317387315475,0.900398075218692,0.633352958510334,1.0093372786504786
62,0.6646182152779693,0.9033366623885498,0.6513099793760363,0.9598608447026603
63,0.6687396504150801,0.8985598637844953,0.6312923167325273,1.0254307367677438
64,0.6711315547421972,0.8969537915257872,0.6401236385221091,0.9984318308174733
65,0.6677460901585871,0.8983474999540095,0.6308507506448029,1.0430865284797897
66,0.6734130634785576,0.8939063590013773,0.6443921107034456,0.9769472070816934
67,0.6699908003701787,0.8943043913792994,0.6410067706624655,1.0033562388320443
68,0.6730818767260277,0.8916210979788043,0.6410067707151043,0.9994621069283215
69,0.6735234590660243,0.8897206118135356,0.6449808654870782,0.9812635520924391
70,0.6711315547443906,0.8918665987083203,0.626435089820197,1.0305556739503088
71,0.6706531738752385,0.8908493428594384,0.6314395054108892,1.0137552460888606
72,0.671977920885358,0.8859415421128383,0.6352664115220475,1.008508809215713
73,0.692842686296935,0.8400220763672352,0.6585222255281746,0.9424963831936642
74,0.6979576816949257,0.8285421568906516,0.664409773311862,0.9429994162686404
75,0.700459981607316,0.8253099039945453,0.6591109802591685,0.9445770543078517
76,0.6995032198712051,0.8238507235477908,0.6660288490194906,0.9387583024087007
77,0.7007543698274004,0.8172825891070116,0.661760376838154,0.9484953663087361
78,0.6999448022144917,0.8111603046713779,0.6619075655340622,0.9449752285826511
79,0.7028150874008908,0.8137014436919204,0.663821018563322,0.9390558712195396
80,0.7016007359771412,0.8122147057751723,0.6601413011831644,0.9440888429095122
81,0.7056853725861932,0.8061158316598206,0.6632322637445968,0.9427427918657613
82,0.7058693652275844,0.8047993743013875,0.6664704150896688,0.9405914044990797
83,0.7060533578678787,0.804719473166321,0.6649985280954946,0.9431731574388683
84,0.7042502299924454,0.8025707952452013,0.6623491315691479,0.9506450315275576
85,0.7034406623800852,0.8057328768443272,0.6661760376627599,0.9403262500872428
86,0.7073781048823851,0.7972504227075866,0.6666176037504844,0.9401780279341746
87,0.7071573137096451,0.7971050074216742,0.6672063585692095,0.940310223035192
88,0.7084084636680337,0.792205476269551,0.6676479246218414,0.9407091924538499
89,0.707966881324747,0.7917076953678035,0.6669119811423007,0.9399250992298267
90,0.7071205151837795,0.796494830955358,0.6680894907095659,0.9391745294337066
91,0.7095492180356655,0.793326647742253,0.6670591698382088,0.940481568684745
92,0.7096596136198421,0.7929796875477276,0.6676479246218414,0.9387870604303398
93,0.7083348666119159,0.7954886435036717,0.6679423020136578,0.9397641756199794
94,0.711499540022786,0.7900742724759927,0.6689726228850148,0.9396110939776017
95,0.7135234590682176,0.7872064158317685,0.6689726228850148,0.939628002325647
96,0.7099540018421198,0.7950385960242895,0.6686782454931985,0.9394883176036045
97,0.7090708371687067,0.7922485243692898,0.6685310567972904,0.9391368464368001
98,0.7123827046951023,0.7895532214082264,0.6680894907095659,0.9394489467617761
99,0.7110947562141383,0.7902575321359818,0.6685310567972904,0.9403073628193707
100,0.7079668813291338,0.7921508946129239,0.6685310567972904,0.9384686971082735
101,0.7059061637600299,0.7910399634572707,0.6680894907095659,0.939871087420292
102,0.7092916283392533,0.7919498698252982,0.6683838681013822,0.9397709637941737
103,0.7050597976124824,0.7971721297091262,0.668236679405474,0.9393855113298148
104,0.706568537260703,0.7932958033749459,0.668236679405474,0.93864801611169
105,0.7088500460025468,0.7947625941756458,0.6686782454931985,0.9400070872172068
106,0.7094388224481988,0.7948309092359359,0.6686782454931985,0.9392340847734918
107,0.7091812327550767,0.7956436002111917,0.668236679405474,0.9400515598446473
108,0.7122723091142158,0.7914412052080844,0.6686782454931985,0.9376848776059042
109,0.7103955841810197,0.7896754955740949,0.6688254341891067,0.9392551174751969
110,0.7125666973364935,0.7892109120780433,0.6677951133177495,0.9393766494859904
111,0.7101747930126664,0.7859105592379355,0.6680894907095659,0.9381652956048214
112,0.7102483900687842,0.7932998694908542,0.6686782454931985,0.9392111426702414
113,0.7063477460923497,0.796616886622772,0.6686782454931985,0.9387571852734273
114,0.7101011959565486,0.7895196334023813,0.6691198115809229,0.939323942240877
115,0.7097332106737665,0.7913363240657866,0.6680894907095659,0.9393979435743287
116,0.712088316471728,0.7894931876187821,0.6694141889727393,0.9406343815184215
117,0.7088868445306057,0.7949636050419953,0.6689726228850148,0.9397683559286619
118,0.7085188592478235,0.7901694892038418,0.6692670002768312,0.9391323566120935
119,0.7101379944868009,0.7899147179001718,0.6685310567972904,0.9400385875964397
120,0.7087396504183702,0.7894069353022922,0.6685310567972904,0.9395709464505801
121,0.7106899724054907,0.7910598125431443,0.6685310567972904,0.9398355927402776
122,0.7109843606299617,0.7930210424215287,0.6688254341891067,0.9403851229827966
123,0.7102115915407252,0.7914878013096716,0.6692670002768312,0.9394017124407636
124,0.708408463663647,0.7948405537752241,0.6679423020136578,0.9395096717527904
125,0.7089236430564712,0.7908771331900287,0.6679423020136578,0.9397793511520388
126,0.7112787488566261,0.7913231615814027,0.668236679405474,0.9396257242771819
127,0.7079300827988815,0.7898758338675547,0.6680894907095659,0.939293042031463
128,0.7088868445306057,0.7904676915684641,0.6688254341891067,0.9390338277304422
129,0.7114627414914371,0.7861793679146999,0.6677951133177495,0.9396291254792875
130,0.7098436062623299,0.7900584577000679,0.6689726228850148,0.9389477719409978
131,0.7133394664224398,0.791755162623352,0.6695613776686474,0.9404883994261658
132,0.708077276911117,0.7933315052751455,0.6686782454931985,0.9400866081302643
133,0.711499540022786,0.7938567247759232,0.6688254341891067,0.9380038008642154
134,0.7093652253953711,0.7971380581588183,0.6679423020136578,0.9400272160233348
135,0.7096228150917833,0.7895250723399256,0.6694141889727393,0.9394880944502715
136,0.7064581416754298,0.7936778998747811,0.6685310567972904,0.9395976673514485
137,0.7121987120559047,0.7915606870449455,0.6677951133177495,0.9394574617686817
138,0.7084452621960925,0.7937775459789638,0.6689726228850148,0.9395745446796377
139,0.7095124195076066,0.793916895764622,0.6679423020136578,0.940382047018164
140,0.7095124195076066,0.7912192517239344,0.6689726228850148,0.939888455217152
141,0.7107267709357429,0.7915038607684208,0.6680894907095659,0.9396333345111973
142,0.7087028518881179,0.7931874235441845,0.6686782454931985,0.9402922131329521
143,0.7097332106759598,0.7940756379669702,0.6679423020136578,0.9397201254187453
144,0.7102483900687842,0.7925078318266005,0.6677951133177495,0.9407976070747398
145,0.7080772769133103,0.7961129636619765,0.6677951133177495,0.939670870259891
146,0.7078196872158016,0.7949532504507238,0.6680894907095659,0.9405868748092707
147,0.7136338546469109,0.7874810350368959,0.6680894907095659,0.9399049401564005
148,0.7080772769133103,0.7934050678702375,0.6685310567972904,0.9397452787718493
