epoch,acc,loss,val_acc,val_loss
0,0.46250519318653927,1.5301296704034366,0.587954309455826,1.263514045787625
1,0.5844931450185312,1.1934999766367622,0.6209761163651139,1.1674250223678715
2,0.6304528458662235,1.0535580109252343,0.6000000000742737,1.2409623524853002
3,0.6604694640879122,0.9701744929655588,0.6533748702591948,1.0085901420064434
4,0.6798400498298277,0.9114664087763058,0.6905503634537492,0.8803695223660731
5,0.6936539260490237,0.8649344794919592,0.6425752856402135,1.0794630247732064
6,0.7138034898461174,0.8207318685487637,0.7264797508530899,0.7836665134439835
7,0.7208662235147486,0.786015614514337,0.7212876428448647,0.7971997097521433
8,0.730162027444788,0.7638330235241556,0.6992731049672342,0.8783854696238153
9,0.7427295388697983,0.732759761250658,0.6718587747491657,0.8934230845541474
10,0.7439759036392208,0.7213383290249626,0.7543094497232051,0.6829603504416604
11,0.7503635230329851,0.7017862647957558,0.7341640706869424,0.7441508645704354
12,0.760126713776321,0.6732429770399141,0.727725856784472,0.7661423685642293
13,0.763138761919566,0.668582364514402,0.7665628245562656,0.6610094747315562
14,0.7681242210467821,0.6528962551928379,0.7744548287470888,0.6331372461833934
15,0.7740963855421686,0.6382028860673401,0.7711318795802313,0.644035875252598
16,0.7770045700289175,0.626054344877545,0.7484942886873941,0.7299136146206722
17,0.780899459933363,0.6179131799384079,0.7811007269570142,0.6170819107864752
18,0.7860926464230974,0.6105868409766565,0.774454828709952,0.6401237143534366
19,0.7875467386788534,0.5963876719389608,0.7925233645354971,0.5819073477885681
20,0.7900914000583279,0.5900981188018539,0.787123572207438,0.580926100041636
21,0.7900394681929354,0.5879016834569265,0.8016614745958077,0.5569506370266155
22,0.7951287910509367,0.5806331830149525,0.778608515106629,0.6389364826963946
23,0.7950768591607811,0.5719081385283238,0.7657320872645512,0.6545464164742799
24,0.7998545908016638,0.5617765691154569,0.7638629284108044,0.6927994725736378
25,0.8012567511425011,0.5634850620678663,0.7848390447264024,0.6137738253344875
26,0.8033340257582052,0.55079582498239,0.7927310488800888,0.5829534292221069
27,0.8027108433487309,0.5478501917293669,0.7765316719330484,0.6225672545834122
28,0.8084233485419174,0.5361240825120176,0.7877466251793185,0.5938416786406766
29,0.8087868715996657,0.5390898380529152,0.784215991742143,0.6211499139527294
30,0.8123182384463629,0.5305518389837743,0.7914849429363279,0.5905540580194935
31,0.8147590361693413,0.5225904490326666,0.7956386293330049,0.5798463187856466
32,0.8092542584129622,0.5273248240518827,0.7977154725189645,0.5870381141377387
33,0.8183942667220606,0.5118795750011881,0.7522326065124876,0.736478945275581
34,0.8306501869547154,0.469341207191961,0.8296988577857567,0.4886433142491714
35,0.8369858745326132,0.44933830864656304,0.827829698919631,0.49420092953823563
36,0.8452430411052744,0.4385658667686325,0.8259605400287474,0.49371268443476996
37,0.8470606564435416,0.42938810267486066,0.8323987539683547,0.48273252841715747
38,0.8505400914248461,0.4232132678513315,0.8326064382510517,0.4856725152160272
39,0.8486186123557936,0.42563087446440984,0.8309449636923809,0.49255916575900244
40,0.8473722476358972,0.4268807967421322,0.8326064382634306,0.4892735144554764
41,0.8503323639632757,0.42138452298620405,0.8301142264378034,0.48703060553700256
42,0.8501246364769423,0.4233730592864353,0.8326064382634306,0.47781069642658175
43,0.8515267968673056,0.41897448471437415,0.8290758048510131,0.48878494575387593
44,0.8541233900874098,0.412853369994633,0.8309449637295178,0.4853290076567748
45,0.8505920232902388,0.4160859957120703,0.8261682243609602,0.49694333678094027
46,0.8524615704196095,0.4095071450179179,0.834683281486527,0.47613130925476616
47,0.8548504362029062,0.4050944360722929,0.8344755971543143,0.4828958602709191
48,0.8567719152471956,0.40351451152729007,0.8338525442071917,0.4807942689888698
49,0.8576028251182404,0.40801898896768474,0.8359293873931513,0.4802412641506453
50,0.8556294142333214,0.40462671081010465,0.8328141225956435,0.4771182199504888
51,0.85765475695887,0.4013235683157873,0.8355140187534835,0.47421331007037454
52,0.85739509765667,0.3933240513881807,0.8326064382758096,0.48413856248617915
53,0.8577066888490256,0.39668101505664655,0.8288681205188002,0.4856572455334886
54,0.8569277108433735,0.39918068095911674,0.8290758048386341,0.48269459640496987
55,0.8546427087660988,0.3991569854631729,0.8344755971419353,0.48257955821503734
56,0.8565122558954696,0.3907248558322572,0.8388369678708252,0.47194717476301107
57,0.859368508541589,0.39656130369639664,0.8321910696485209,0.48876694807258597
58,0.8562525965932696,0.3959072575214546,0.8336448598749788,0.48275051286534976
59,0.8579663481512256,0.3924548845718053,0.8344755971419353,0.47844140654659967
60,0.8584856668299147,0.393709633129486,0.8328141226080225,0.4766655341239486
61,0.863834648965353,0.3844602861788741,0.8359293874055302,0.4734431031584616
62,0.8602513502532633,0.38905122743685017,0.8359293873931513,0.4856469588487691
63,0.8647694224928938,0.3805464051871266,0.8284527518791326,0.49155687715158036
64,0.8593685085168259,0.3861546249039499,0.8330218069154773,0.4786928667333886
65,0.8612899875611153,0.3821285950800765,0.8303219107700162,0.4809729757833827
66,0.8648213543582864,0.3817615657487647,0.8382139148989447,0.47340483651849463
67,0.8598358953301224,0.38014711888439684,0.8350986501138158,0.47965637914612036
68,0.864094308267553,0.3852103494438929,0.8346832814741482,0.4747208087491345
69,0.8639904445367678,0.3760521692708661,0.8357217030733174,0.47532902337061406
70,0.8674698795428354,0.37996383761042224,0.8357217030733174,0.4741941639196093
71,0.865132945550642,0.3735703130109111,0.8380062305914898,0.4717394487756311
72,0.8690278354550874,0.36875340063937434,0.8353063344336497,0.47383386925373494
73,0.8639904445615308,0.3754070195163193,0.8340602285146466,0.4755541408049602
74,0.8654964686083902,0.3734104965898968,0.8357217030733174,0.4743989820173349
75,0.8645616950560864,0.3751849858132843,0.8346832814741482,0.47467309179583317
76,0.8661196510178646,0.37351067634752094,0.8350986501138158,0.474104906861532
77,0.8665351059162424,0.37311806275629633,0.8359293873931513,0.4754219605296324
78,0.8623805567343601,0.376392769922495,0.8365524403526527,0.4734713464882515
79,0.8659638554464498,0.37322766558233517,0.8355140187534835,0.47504351529005534
80,0.8648213544078125,0.3735126599415635,0.8350986501138158,0.4759234750382254
81,0.868041130062154,0.36893406756745367,0.8342679128344804,0.4736097666209608
82,0.8658599916661385,0.37382355588672067,0.8355140187534835,0.4757634629217883
83,0.8647174906770273,0.37186143571130953,0.8344755971543143,0.4764286236723388
84,0.8661196510426276,0.3724333819111799,0.8350986501138158,0.47496219811533597
85,0.8682488574741983,0.3697550319194001,0.8361370717129851,0.4757749060356481
86,0.8647174906275011,0.369650957430355,0.836344756032819,0.47640336194885113
87,0.8665870377816349,0.36914552295658665,0.8353063344336497,0.4751754010330232
88,0.8698068134359764,0.36757830801869906,0.8367601246724866,0.4748422471409894
89,0.8667428333778128,0.37186356931986725,0.8359293873931513,0.47600685767790735
90,0.8642501038389677,0.37388467859270963,0.8361370717129851,0.47542648668229764
91,0.8674179476774427,0.3681511693492092,0.8365524403526527,0.4747139286276955
92,0.8665870377816349,0.3705337773010252,0.8361370717129851,0.47441220942068446
93,0.8664831740756128,0.3677393397974879,0.8361370717129851,0.4762727036283024
94,0.8700664727629395,0.3708674026491437,0.8350986501138158,0.47417447186952316
95,0.8643020357538864,0.37498179912616664,0.8355140187534835,0.47488526490866084
96,0.8685085168011614,0.364965591358356,0.8359293877892776,0.47479520724198526
97,0.8682488574741983,0.3648659289873731,0.8350986501138158,0.4751178076457878
98,0.8676256750894871,0.36916010211154937,0.834890965793982,0.47497640038576455
99,0.8710012463400064,0.3660230714724081,0.8359293873931513,0.47457858622383603
100,0.8640423764021604,0.3753954813621031,0.8355140187534835,0.47505412906377364
101,0.8678334025510575,0.36979209298308974,0.8353063344336497,0.4745990849729639
102,0.8676256751390131,0.37044334581867017,0.8359293873931513,0.4749430937187694
103,0.8684565849605318,0.3665143610359377,0.8359293873931513,0.47368605580037754
104,0.8701184046530951,0.36605302695421743,0.8361370717129851,0.4748365504100439
105,0.8667947652432054,0.3682793776895874,0.8357217030733174,0.47511620345764316
106,0.8650290818198568,0.373733980568009,0.834890965793982,0.4762782784637261
107,0.8692355629166578,0.3665817172932437,0.8359293873931513,0.47462085050957226
108,0.8673660157872871,0.3701939034942378,0.8355140187534835,0.47590918304516644
109,0.8692874948315765,0.36622296640820456,0.8350986501138158,0.47432659443541353
110,0.8654445367429977,0.3735513542889063,0.8361370717129851,0.47559963532821165
111,0.8673660157872871,0.3686964659273352,0.8355140187534835,0.47561823349999244
112,0.8655484004985459,0.3729713881441702,0.836344756032819,0.47518468747381604
113,0.8644058994351456,0.37160143282188635,0.8359293873931513,0.4744128797903487
114,0.8679372662818426,0.3702647412311105,0.8359293873931513,0.4759469614098253
115,0.8683527212297466,0.36952581758389197,0.836344756032819,0.4744443132993712
116,0.8683527212049835,0.367757809325576,0.8367601246724866,0.4748476302883707
117,0.8691836310512652,0.36807046614596595,0.8350986501138158,0.475026295811464
118,0.8687681761776505,0.36467849500059435,0.8359293873931513,0.4754709859874761
119,0.8635230577729973,0.37450299290982725,0.836344756032819,0.47414705688955877
120,0.8665870377816349,0.3695281642846265,0.8355140187534835,0.4759578869969179
121,0.8676776070044058,0.3670288421303393,0.8353063344336497,0.4752066823057173
